Arguments: 
  /usr/local/bin/node /mnt/c/Users/masoum/AppData/Roaming/npm/node_modules/yarn/bin/yarn.js add typescript@4.2

PATH: 
  /home/ashkan/.vscode-server/bin/30d9c6cd9483b2cc586687151bcbcd635f373630/bin/remote-cli:/usr/local/sbin:/usr/local/bin:/usr/sbin:/usr/bin:/sbin:/bin:/usr/games:/usr/local/games:/usr/lib/wsl/lib:/mnt/c/Program Files (x86)/VMware/VMware Workstation/bin/:/mnt/c/Program Files/Python39/Scripts/:/mnt/c/Program Files/Python39/:/mnt/c/WINDOWS/system32:/mnt/c/WINDOWS:/mnt/c/WINDOWS/System32/Wbem:/mnt/c/WINDOWS/System32/WindowsPowerShell/v1.0/:/mnt/c/Program Files/Git/cmd:/mnt/c/Program Files/nodejs/:/mnt/c/WINDOWS/System32/OpenSSH/:/mnt/c/Program Files (x86)/WinSCP/:/mnt/c/Users/masoum/AppData/Roaming/Python/Python39/Scripts:/mnt/c/chromedriver_win32:/mnt/c/nginx:/mnt/c/Program Files/Microsoft SQL Server/130/Tools/Binn/:/mnt/c/Program Files/Microsoft SQL Server/Client SDK/ODBC/170/Tools/Binn/:/mnt/c/Program Files/dotnet/:/mnt/c/Program Files/Docker/Docker/resources/bin:/mnt/c/ProgramData/DockerDesktop/version-bin:/mnt/c/Users/masoum/.local/share/solana/install/active_release/bin:/mnt/c/Users/masoum/.cargo/bin:/mnt/c/Users/masoum/AppData/Local/Microsoft/WindowsApps:/mnt/c/Users/masoum/AppData/Roaming/npm:/mnt/c/Program Files/heroku/bin:/mnt/c/Users/masoum/.dotnet/tools:/mnt/c/Users/masoum/AppData/Local/Programs/Microsoft VS Code/bin:/snap/bin:/home/ashkan/.yarn/bin:/home/ashkan/.yarn/bin

Yarn version: 
  1.22.17

Node version: 
  16.14.0

Platform: 
  linux x64

Trace: 
  Error: connect ENETUNREACH 2606:4700::6810:1423:443 - Local (:::0)
      at internalConnect (node:net:931:16)
      at defaultTriggerAsyncIdScope (node:internal/async_hooks:465:18)
      at emitLookup (node:net:1075:9)
      at /mnt/c/Users/masoum/AppData/Roaming/npm/node_modules/yarn/lib/cli.js:107677:29
      at /mnt/c/Users/masoum/AppData/Roaming/npm/node_modules/yarn/lib/cli.js:107523:25
      at RawTask.module.exports.RawTask.call (/mnt/c/Users/masoum/AppData/Roaming/npm/node_modules/yarn/lib/cli.js:83655:19)
      at flush (/mnt/c/Users/masoum/AppData/Roaming/npm/node_modules/yarn/lib/cli.js:83737:29)
      at processTicksAndRejections (node:internal/process/task_queues:78:11)

npm manifest: 
  No manifest

yarn manifest: 
  No manifest

Lockfile: 
  # THIS IS AN AUTOGENERATED FILE. DO NOT EDIT THIS FILE DIRECTLY.
  # yarn lockfile v1
